<?xml version="1.0" encoding="UTF-8"?>
<!-- Generated by org.testng.reporters.JUnitReportReporter -->
<testsuite hostname="DESKTOP-98QBH91" failures="0" tests="1" name="testcase.TC_002_loginTest" time="6.694" errors="0" timestamp="2024-09-23T00:04:55 IST" skipped="0">
  <testcase classname="testcase.TC_002_loginTest" name="verify_login" time="6.694"/>
</testsuite> <!-- testcase.TC_002_loginTest -->
