<?xml version="1.0" encoding="UTF-8"?>
<!-- Generated by org.testng.reporters.JUnitReportReporter -->
<testsuite hostname="DESKTOP-98QBH91" failures="0" tests="1" name="testcase.TC001_AccountRegistrationTest" time="11.870" errors="0" timestamp="2024-09-22T23:58:52 IST" skipped="0">
  <testcase classname="testcase.TC001_AccountRegistrationTest" name="verify_Account_registration" time="11.870"/>
</testsuite> <!-- testcase.TC001_AccountRegistrationTest -->
