<?xml version="1.0" encoding="UTF-8"?>
<!-- Generated by org.testng.reporters.JUnitReportReporter -->
<testsuite hostname="DESKTOP-98QBH91" failures="0" tests="1" name="testcase.TC_002_loginTest" time="6.762" errors="0" timestamp="2024-09-24T22:27:48 IST" skipped="0">
  <testcase classname="testcase.TC_002_loginTest" name="verify_login" time="6.762"/>
</testsuite> <!-- testcase.TC_002_loginTest -->
