<?xml version="1.0" encoding="UTF-8"?>
<!-- Generated by org.testng.reporters.JUnitReportReporter -->
<testsuite hostname="DESKTOP-98QBH91" failures="0" tests="1" name="testcase.TC001_AccountRegistrationTest" time="7.424" errors="0" timestamp="2024-09-24T22:27:48 IST" skipped="0">
  <testcase classname="testcase.TC001_AccountRegistrationTest" name="verify_Account_registration" time="7.424"/>
</testsuite> <!-- testcase.TC001_AccountRegistrationTest -->
